<?xml version="1.0" encoding="UTF-8"?>
<!-- Generated by org.testng.reporters.JUnitReportReporter -->
<testsuite hostname="LAPTOP-VNBA3OG5" failures="0" tests="1" name="_BookStoreRestAssured._BookStoreRestAssured.JsonSchemaValidator" time="3.906" errors="0" timestamp="2021-10-16T19:20:20 CDT" skipped="0">
  <testcase classname="_BookStoreRestAssured._BookStoreRestAssured.JsonSchemaValidator" name="testschema" time="3.906"/>
  <system-out/>
</testsuite> <!-- _BookStoreRestAssured._BookStoreRestAssured.JsonSchemaValidator -->
